<?xml version="1.0" encoding="UTF-8"?>
<!-- Generated by org.testng.reporters.JUnitXMLReporter -->
<testsuite ignored="0" hostname="SNK" failures="1" tests="4" name="Test-Runner=1" time="30.957" errors="0" timestamp="2023-11-23T16:06:03 IST">
  <testcase classname="com.hms.hospice.sprint1.AdminChangePasswordTest" name="test1" time="2.153">
    <skipped/>
  </testcase> <!-- test1 -->
  <testcase classname="com.hms.hospice.sprint1.AdminChangePasswordTest" name="test1" time="5.501">
    <skipped/>
  </testcase> <!-- test1 -->
  <testcase classname="com.hms.hospice.sprint1.AdminChangePasswordTest" name="test1" time="0.983">
    <skipped/>
  </testcase> <!-- test1 -->
  <testcase classname="com.hms.hospice.sprint1.AdminChangePasswordTest" name="test1" time="0.806">
    <failure type="java.lang.AssertionError" message="null">
      <![CDATA[java.lang.AssertionError: null
at com.hms.hospice.sprint1.AdminChangePasswordTest.test1(AdminChangePasswordTest.java:85)
at java.base/java.util.ArrayList.forEach(ArrayList.java:1511)
at java.base/java.util.concurrent.FutureTask.run(FutureTask.java:264)
at java.base/java.util.concurrent.ThreadPoolExecutor.runWorker(ThreadPoolExecutor.java:1136)
at java.base/java.util.concurrent.ThreadPoolExecutor$Worker.run(ThreadPoolExecutor.java:635)
at java.base/java.lang.Thread.run(Thread.java:842)
... Removed 20 stack frames]]>
    </failure>
  </testcase> <!-- test1 -->
</testsuite> <!-- Test-Runner=1 -->
